Using pre-set license
Built from '2020.3/staging' branch; Version is '2020.3.0f1 (c7b5465681fb) revision 13088070'; Using compiler version '192528614'; Build Type 'Release'
OS: 'Windows 10 Pro; OS build 19042.928; Version 2009; 64bit' Language: 'es' Physical Memory: 7693 MB
BatchMode: 1, IsHumanControllingUs: 0, StartBugReporterOnCrash: 0, Is64bit: 1, IsPro: 0

 COMMAND LINE ARGUMENTS:
C:\Program Files\Unity\Hub\Editor\2020.3.0f1\Editor\Unity.exe
-adb2
-batchMode
-noUpm
-name
AssetImportWorker0
-projectPath
C:/Users/SoulDest/Desktop/Practica3Videojuego
-logFile
Logs/AssetImportWorker0.log
-srvPort
62278
Successfully changed project path to: C:/Users/SoulDest/Desktop/Practica3Videojuego
C:/Users/SoulDest/Desktop/Practica3Videojuego
Using Asset Import Pipeline V2.
Refreshing native plugins compatible for Editor in 125.85 ms, found 1 plugins.
Preloading 0 native plugins for Editor in 0.00 ms.
Initialize engine version: 2020.3.0f1 (c7b5465681fb)
[Subsystems] Discovering subsystems at path C:/Program Files/Unity/Hub/Editor/2020.3.0f1/Editor/Data/Resources/UnitySubsystems
[Subsystems] Discovering subsystems at path C:/Users/SoulDest/Desktop/Practica3Videojuego/Assets
GfxDevice: creating device client; threaded=0
Direct3D:
    Version:  Direct3D 11.0 [level 10.1]
    Renderer: Intel(R) HD Graphics (ID=0x102)
    Vendor:   
    VRAM:     480 MB
    Driver:   9.17.10.4459
Initialize mono
Mono path[0] = 'C:/Program Files/Unity/Hub/Editor/2020.3.0f1/Editor/Data/Managed'
Mono path[1] = 'C:/Program Files/Unity/Hub/Editor/2020.3.0f1/Editor/Data/MonoBleedingEdge/lib/mono/unityjit'
Mono config path = 'C:/Program Files/Unity/Hub/Editor/2020.3.0f1/Editor/Data/MonoBleedingEdge/etc'
Using monoOptions --debugger-agent=transport=dt_socket,embedding=1,server=y,suspend=n,address=127.0.0.1:56408
Begin MonoManager ReloadAssembly
Registering precompiled unity dll's ...
Register platform support module: C:/Program Files/Unity/Hub/Editor/2020.3.0f1/Editor/Data/PlaybackEngines/WebGLSupport/UnityEditor.WebGL.Extensions.dll
Register platform support module: C:/Program Files/Unity/Hub/Editor/2020.3.0f1/Editor/Data/PlaybackEngines/WindowsStandaloneSupport/UnityEditor.WindowsStandalone.Extensions.dll
Registered in 0.030743 seconds.
Native extension for WindowsStandalone target not found
Native extension for WebGL target not found
Refreshing native plugins compatible for Editor in 151.81 ms, found 1 plugins.
Preloading 0 native plugins for Editor in 0.00 ms.
Invoked RoslynAnalysisRunner static constructor.
RoslynAnalysisRunner will not be running.
RoslynAnalysisRunner has terminated.
Mono: successfully reloaded assembly
- Completed reload, in  3.832 seconds
Platform modules already initialized, skipping
Registering precompiled user dll's ...
Registered in 0.002023 seconds.
Begin MonoManager ReloadAssembly
Native extension for WindowsStandalone target not found
Native extension for WebGL target not found
Refreshing native plugins compatible for Editor in 126.04 ms, found 1 plugins.
Preloading 0 native plugins for Editor in 0.00 ms.
Invoked RoslynAnalysisRunner static constructor.
RoslynAnalysisRunner will not be running.
RoslynAnalysisRunner has terminated.
Mono: successfully reloaded assembly
- Completed reload, in  3.594 seconds
Platform modules already initialized, skipping
========================================================================
Worker process is ready to serve import requests
Launched and connected shader compiler UnityShaderCompiler.exe after 0.21 seconds
Refreshing native plugins compatible for Editor in 1.00 ms, found 1 plugins.
Preloading 0 native plugins for Editor in 0.00 ms.
Unloading 1817 Unused Serialized files (Serialized files now loaded: 0)
System memory in use before: 85.1 MB.
System memory in use after: 85.1 MB.

Unloading 24 unused Assets to reduce memory usage. Loaded Objects now: 2263.
Total: 5.097600 ms (FindLiveObjects: 0.391600 ms CreateObjectMapping: 0.561700 ms MarkObjects: 3.956400 ms  DeleteObjects: 0.185100 ms)

========================================================================
Received Import Request.
  path: Assets/Scenes/Nivel 1.unity
  artifactKey: Guid(84706705bfb566d43b2dca1e927fcdcb) Importer(815301076,1909f56bfc062723c751e8b465ee728b)
Start importing Assets/Scenes/Nivel 1.unity using Guid(84706705bfb566d43b2dca1e927fcdcb) Importer(815301076,1909f56bfc062723c751e8b465ee728b)  -> (artifact id: 'd8b2dcb87d055693fd3bd17d5e53f8a2') in 0.051280 seconds
  Import took 0.067955 seconds .

========================================================================
Received Import Request.
  Time since last request: 0.001836 seconds.
  path: Assets/Scenes/SampleScene.unity
  artifactKey: Guid(2cda990e2423bbf4892e6590ba056729) Importer(815301076,1909f56bfc062723c751e8b465ee728b)
Start importing Assets/Scenes/SampleScene.unity using Guid(2cda990e2423bbf4892e6590ba056729) Importer(815301076,1909f56bfc062723c751e8b465ee728b)  -> (artifact id: '30c74077148595d491f1c006d8e87ca1') in 0.019404 seconds
  Import took 0.034198 seconds .

========================================================================
Received Import Request.
  Time since last request: 1158.424818 seconds.
  path: Assets/Scripts/Controljuego.cs
  artifactKey: Guid(02a81da54dec14f47b230390d7f721c8) Importer(815301076,1909f56bfc062723c751e8b465ee728b)
Start importing Assets/Scripts/Controljuego.cs using Guid(02a81da54dec14f47b230390d7f721c8) Importer(815301076,1909f56bfc062723c751e8b465ee728b)  -> (artifact id: 'a1ce52e60388db97fa13acf546f5f4f5') in 0.256529 seconds
  Import took 0.267392 seconds .

========================================================================
Received Prepare
Registering precompiled user dll's ...
Registered in 0.002198 seconds.
Begin MonoManager ReloadAssembly
Native extension for WindowsStandalone target not found
Native extension for WebGL target not found
Refreshing native plugins compatible for Editor in 0.53 ms, found 1 plugins.
Preloading 0 native plugins for Editor in 0.00 ms.
Invoked RoslynAnalysisRunner static constructor.
RoslynAnalysisRunner will not be running.
RoslynAnalysisRunner has terminated.
Mono: successfully reloaded assembly
- Completed reload, in  2.041 seconds
Platform modules already initialized, skipping
Refreshing native plugins compatible for Editor in 0.52 ms, found 1 plugins.
Preloading 0 native plugins for Editor in 0.00 ms.
Unloading 1813 Unused Serialized files (Serialized files now loaded: 0)
System memory in use before: 85.1 MB.
System memory in use after: 85.1 MB.

Unloading 12 unused Assets to reduce memory usage. Loaded Objects now: 2268.
Total: 2.515000 ms (FindLiveObjects: 0.199000 ms CreateObjectMapping: 0.079100 ms MarkObjects: 2.094700 ms  DeleteObjects: 0.140300 ms)

========================================================================
Received Prepare
Registering precompiled user dll's ...
Registered in 0.002152 seconds.
Begin MonoManager ReloadAssembly
Native extension for WindowsStandalone target not found
Native extension for WebGL target not found
Refreshing native plugins compatible for Editor in 0.53 ms, found 1 plugins.
Preloading 0 native plugins for Editor in 0.00 ms.
Invoked RoslynAnalysisRunner static constructor.
RoslynAnalysisRunner will not be running.
RoslynAnalysisRunner has terminated.
Mono: successfully reloaded assembly
- Completed reload, in  1.403 seconds
Platform modules already initialized, skipping
Refreshing native plugins compatible for Editor in 0.52 ms, found 1 plugins.
Preloading 0 native plugins for Editor in 0.00 ms.
Unloading 1813 Unused Serialized files (Serialized files now loaded: 0)
System memory in use before: 85.2 MB.
System memory in use after: 85.2 MB.

Unloading 12 unused Assets to reduce memory usage. Loaded Objects now: 2272.
Total: 2.559800 ms (FindLiveObjects: 0.194900 ms CreateObjectMapping: 0.099300 ms MarkObjects: 2.106100 ms  DeleteObjects: 0.157600 ms)

========================================================================
Received Import Request.
  Time since last request: 232.366055 seconds.
  path: Assets/Scripts/Controljuego.cs
  artifactKey: Guid(02a81da54dec14f47b230390d7f721c8) Importer(815301076,1909f56bfc062723c751e8b465ee728b)
Start importing Assets/Scripts/Controljuego.cs using Guid(02a81da54dec14f47b230390d7f721c8) Importer(815301076,1909f56bfc062723c751e8b465ee728b)  -> (artifact id: '7ed9bc1ef4d25a6d7d8f1404580cde5c') in 0.007682 seconds
  Import took 0.011745 seconds .

========================================================================
Received Prepare
Registering precompiled user dll's ...
Registered in 0.002152 seconds.
Begin MonoManager ReloadAssembly
Native extension for WindowsStandalone target not found
Native extension for WebGL target not found
Refreshing native plugins compatible for Editor in 0.53 ms, found 1 plugins.
Preloading 0 native plugins for Editor in 0.00 ms.
Invoked RoslynAnalysisRunner static constructor.
RoslynAnalysisRunner will not be running.
RoslynAnalysisRunner has terminated.
Mono: successfully reloaded assembly
- Completed reload, in  1.490 seconds
Platform modules already initialized, skipping
Refreshing native plugins compatible for Editor in 0.51 ms, found 1 plugins.
Preloading 0 native plugins for Editor in 0.00 ms.
Unloading 1813 Unused Serialized files (Serialized files now loaded: 0)
System memory in use before: 85.2 MB.
System memory in use after: 85.2 MB.

Unloading 12 unused Assets to reduce memory usage. Loaded Objects now: 2276.
Total: 2.517200 ms (FindLiveObjects: 0.228800 ms CreateObjectMapping: 0.072700 ms MarkObjects: 2.073400 ms  DeleteObjects: 0.140100 ms)

========================================================================
Received Prepare
Registering precompiled user dll's ...
Registered in 0.001556 seconds.
Begin MonoManager ReloadAssembly
Native extension for WindowsStandalone target not found
Native extension for WebGL target not found
Refreshing native plugins compatible for Editor in 0.52 ms, found 1 plugins.
Preloading 0 native plugins for Editor in 0.00 ms.
Invoked RoslynAnalysisRunner static constructor.
RoslynAnalysisRunner will not be running.
RoslynAnalysisRunner has terminated.
Mono: successfully reloaded assembly
- Completed reload, in  1.529 seconds
Platform modules already initialized, skipping
Refreshing native plugins compatible for Editor in 0.51 ms, found 1 plugins.
Preloading 0 native plugins for Editor in 0.00 ms.
Unloading 1813 Unused Serialized files (Serialized files now loaded: 0)
System memory in use before: 85.3 MB.
System memory in use after: 85.2 MB.

Unloading 12 unused Assets to reduce memory usage. Loaded Objects now: 2280.
Total: 2.623100 ms (FindLiveObjects: 0.204500 ms CreateObjectMapping: 0.071500 ms MarkObjects: 2.192300 ms  DeleteObjects: 0.153100 ms)

========================================================================
Received Prepare
Registering precompiled user dll's ...
Registered in 0.001549 seconds.
Begin MonoManager ReloadAssembly
Native extension for WindowsStandalone target not found
Native extension for WebGL target not found
Refreshing native plugins compatible for Editor in 0.53 ms, found 1 plugins.
Preloading 0 native plugins for Editor in 0.00 ms.
Invoked RoslynAnalysisRunner static constructor.
RoslynAnalysisRunner will not be running.
RoslynAnalysisRunner has terminated.
Mono: successfully reloaded assembly
- Completed reload, in  1.624 seconds
Platform modules already initialized, skipping
Refreshing native plugins compatible for Editor in 0.73 ms, found 1 plugins.
Preloading 0 native plugins for Editor in 0.00 ms.
Unloading 1813 Unused Serialized files (Serialized files now loaded: 0)
System memory in use before: 85.3 MB.
System memory in use after: 85.3 MB.

Unloading 12 unused Assets to reduce memory usage. Loaded Objects now: 2284.
Total: 2.765200 ms (FindLiveObjects: 0.188500 ms CreateObjectMapping: 0.071800 ms MarkObjects: 2.331200 ms  DeleteObjects: 0.172000 ms)

========================================================================
Received Prepare
Registering precompiled user dll's ...
Registered in 0.001388 seconds.
Begin MonoManager ReloadAssembly
Native extension for WindowsStandalone target not found
Native extension for WebGL target not found
Refreshing native plugins compatible for Editor in 0.59 ms, found 1 plugins.
Preloading 0 native plugins for Editor in 0.00 ms.
Invoked RoslynAnalysisRunner static constructor.
RoslynAnalysisRunner will not be running.
RoslynAnalysisRunner has terminated.
Mono: successfully reloaded assembly
- Completed reload, in  1.646 seconds
Platform modules already initialized, skipping
Refreshing native plugins compatible for Editor in 0.51 ms, found 1 plugins.
Preloading 0 native plugins for Editor in 0.00 ms.
Unloading 1813 Unused Serialized files (Serialized files now loaded: 0)
System memory in use before: 85.3 MB.
System memory in use after: 85.3 MB.

Unloading 12 unused Assets to reduce memory usage. Loaded Objects now: 2288.
Total: 2.920000 ms (FindLiveObjects: 0.200000 ms CreateObjectMapping: 0.096100 ms MarkObjects: 2.440300 ms  DeleteObjects: 0.181000 ms)

========================================================================
Received Import Request.
  Time since last request: 1637.947776 seconds.
  path: Assets/Scenes
  artifactKey: Guid(659faca2e48b7024ab312b07a0ab67d3) Importer(815301076,1909f56bfc062723c751e8b465ee728b)
Start importing Assets/Scenes using Guid(659faca2e48b7024ab312b07a0ab67d3) Importer(815301076,1909f56bfc062723c751e8b465ee728b)  -> (artifact id: '3938bc45d762c6e2cc1c4c362c3029ac') in 0.021289 seconds
  Import took 0.028073 seconds .

========================================================================
Received Import Request.
  Time since last request: 0.004105 seconds.
  path: Assets/Scenes
  artifactKey: Guid(659faca2e48b7024ab312b07a0ab67d3) Importer(815301076,1909f56bfc062723c751e8b465ee728b)
Start importing Assets/Scenes using Guid(659faca2e48b7024ab312b07a0ab67d3) Importer(815301076,1909f56bfc062723c751e8b465ee728b)  -> (artifact id: '3938bc45d762c6e2cc1c4c362c3029ac') in 0.019356 seconds
  Import took 0.025640 seconds .

========================================================================
Received Import Request.
  Time since last request: 5.090979 seconds.
  path: Assets/Scenes/New Scene.unity
  artifactKey: Guid(691c3875c686cf549bc801735bc4f2bc) Importer(815301076,1909f56bfc062723c751e8b465ee728b)
Start importing Assets/Scenes/New Scene.unity using Guid(691c3875c686cf549bc801735bc4f2bc) Importer(815301076,1909f56bfc062723c751e8b465ee728b)  -> (artifact id: '7754133a7dbe337ee1c8ccda37045176') in 0.031891 seconds
  Import took 0.039267 seconds .

========================================================================
Received Import Request.
  Time since last request: 14.130635 seconds.
  path: Assets/Scenes/Nivel 2.unity
  artifactKey: Guid(e4fe3661cac639646bbe5504811ccb25) Importer(815301076,1909f56bfc062723c751e8b465ee728b)
Start importing Assets/Scenes/Nivel 2.unity using Guid(e4fe3661cac639646bbe5504811ccb25) Importer(815301076,1909f56bfc062723c751e8b465ee728b)  -> (artifact id: '0391a55e9ce0e0922fc63587b33f860e') in 0.014729 seconds
  Import took 0.019972 seconds .

========================================================================
Received Import Request.
  Time since last request: 9.097187 seconds.
  path: Assets/Scenes/Nivel 1.unity
  artifactKey: Guid(84706705bfb566d43b2dca1e927fcdcb) Importer(815301076,1909f56bfc062723c751e8b465ee728b)
Start importing Assets/Scenes/Nivel 1.unity using Guid(84706705bfb566d43b2dca1e927fcdcb) Importer(815301076,1909f56bfc062723c751e8b465ee728b)  -> (artifact id: '2d5b0463a870a19c991056d4a89eb355') in 0.014479 seconds
  Import took 0.019773 seconds .

========================================================================
Received Import Request.
  Time since last request: 142.657069 seconds.
  path: Assets/Scenes/Nivel 2.unity
  artifactKey: Guid(e4fe3661cac639646bbe5504811ccb25) Importer(815301076,1909f56bfc062723c751e8b465ee728b)
Start importing Assets/Scenes/Nivel 2.unity using Guid(e4fe3661cac639646bbe5504811ccb25) Importer(815301076,1909f56bfc062723c751e8b465ee728b)  -> (artifact id: '9fe041e81e1a26b93b30962bd3477fad') in 0.014775 seconds
  Import took 0.022164 seconds .

========================================================================
Received Import Request.
  Time since last request: 24.510586 seconds.
  path: Assets/Scenes/Nivel 2.unity
  artifactKey: Guid(e4fe3661cac639646bbe5504811ccb25) Importer(815301076,1909f56bfc062723c751e8b465ee728b)
Start importing Assets/Scenes/Nivel 2.unity using Guid(e4fe3661cac639646bbe5504811ccb25) Importer(815301076,1909f56bfc062723c751e8b465ee728b)  -> (artifact id: '49ad7428536638aac5f357c10557bee8') in 0.008704 seconds
  Import took 0.014859 seconds .

========================================================================
Received Import Request.
  Time since last request: 0.001798 seconds.
  path: Assets/Scenes/Nivel 2.unity
  artifactKey: Guid(e4fe3661cac639646bbe5504811ccb25) Importer(815301076,1909f56bfc062723c751e8b465ee728b)
Start importing Assets/Scenes/Nivel 2.unity using Guid(e4fe3661cac639646bbe5504811ccb25) Importer(815301076,1909f56bfc062723c751e8b465ee728b)  -> (artifact id: '49ad7428536638aac5f357c10557bee8') in 0.007036 seconds
  Import took 0.011959 seconds .

========================================================================
Received Import Request.
  Time since last request: 46.889955 seconds.
  path: Assets/Scenes/Nivel 2.unity
  artifactKey: Guid(e4fe3661cac639646bbe5504811ccb25) Importer(815301076,1909f56bfc062723c751e8b465ee728b)
Start importing Assets/Scenes/Nivel 2.unity using Guid(e4fe3661cac639646bbe5504811ccb25) Importer(815301076,1909f56bfc062723c751e8b465ee728b)  -> (artifact id: 'c3ffac3160f080f7911fc336708967ca') in 0.008849 seconds
  Import took 0.015677 seconds .

========================================================================
Received Import Request.
  Time since last request: 75.050195 seconds.
  path: Assets/Scenes/Nivel 2.unity
  artifactKey: Guid(e4fe3661cac639646bbe5504811ccb25) Importer(815301076,1909f56bfc062723c751e8b465ee728b)
Start importing Assets/Scenes/Nivel 2.unity using Guid(e4fe3661cac639646bbe5504811ccb25) Importer(815301076,1909f56bfc062723c751e8b465ee728b)  -> (artifact id: '5442798c565c010894f7fe226e6194d0') in 0.015053 seconds
  Import took 0.020143 seconds .

========================================================================
Received Prepare
Registering precompiled user dll's ...
Registered in 0.001370 seconds.
Begin MonoManager ReloadAssembly
Native extension for WindowsStandalone target not found
Native extension for WebGL target not found
Refreshing native plugins compatible for Editor in 0.56 ms, found 1 plugins.
Preloading 0 native plugins for Editor in 0.00 ms.
Invoked RoslynAnalysisRunner static constructor.
RoslynAnalysisRunner will not be running.
RoslynAnalysisRunner has terminated.
Mono: successfully reloaded assembly
- Completed reload, in  1.241 seconds
Platform modules already initialized, skipping
Refreshing native plugins compatible for Editor in 0.52 ms, found 1 plugins.
Preloading 0 native plugins for Editor in 0.00 ms.
Unloading 1813 Unused Serialized files (Serialized files now loaded: 0)
System memory in use before: 85.3 MB.
System memory in use after: 85.3 MB.

Unloading 12 unused Assets to reduce memory usage. Loaded Objects now: 2292.
Total: 2.436700 ms (FindLiveObjects: 0.207400 ms CreateObjectMapping: 0.071100 ms MarkObjects: 2.006800 ms  DeleteObjects: 0.149700 ms)

========================================================================
Received Prepare
Registering precompiled user dll's ...
Registered in 0.002115 seconds.
Begin MonoManager ReloadAssembly
Native extension for WindowsStandalone target not found
Native extension for WebGL target not found
Refreshing native plugins compatible for Editor in 0.54 ms, found 1 plugins.
Preloading 0 native plugins for Editor in 0.00 ms.
Invoked RoslynAnalysisRunner static constructor.
RoslynAnalysisRunner will not be running.
RoslynAnalysisRunner has terminated.
Mono: successfully reloaded assembly
- Completed reload, in  1.625 seconds
Platform modules already initialized, skipping
Refreshing native plugins compatible for Editor in 0.54 ms, found 1 plugins.
Preloading 0 native plugins for Editor in 0.00 ms.
Unloading 1813 Unused Serialized files (Serialized files now loaded: 0)
System memory in use before: 85.3 MB.
System memory in use after: 85.3 MB.

Unloading 12 unused Assets to reduce memory usage. Loaded Objects now: 2296.
Total: 4.174800 ms (FindLiveObjects: 0.351300 ms CreateObjectMapping: 0.164100 ms MarkObjects: 3.448600 ms  DeleteObjects: 0.203500 ms)

========================================================================
Received Prepare
Refreshing native plugins compatible for Editor in 2.59 ms, found 1 plugins.
Preloading 0 native plugins for Editor in 0.00 ms.
Unloading 10 Unused Serialized files (Serialized files now loaded: 0)
System memory in use before: 49.7 MB.
System memory in use after: 49.7 MB.

Unloading 10 unused Assets to reduce memory usage. Loaded Objects now: 2296.
Total: 2.594400 ms (FindLiveObjects: 0.262600 ms CreateObjectMapping: 0.077500 ms MarkObjects: 2.100700 ms  DeleteObjects: 0.151500 ms)

========================================================================
Received Import Request.
  Time since last request: 173.338541 seconds.
  path: Assets/Scenes/Nivel 2.unity
  artifactKey: Guid(e4fe3661cac639646bbe5504811ccb25) Importer(815301076,1909f56bfc062723c751e8b465ee728b)
Start importing Assets/Scenes/Nivel 2.unity using Guid(e4fe3661cac639646bbe5504811ccb25) Importer(815301076,1909f56bfc062723c751e8b465ee728b)  -> (artifact id: '2786f3e7b92ef9c1a397925078262fe6') in 0.023997 seconds
  Import took 0.029486 seconds .

========================================================================
Received Import Request.
  Time since last request: 0.001180 seconds.
  path: Assets/Scenes/Nivel 2.unity
  artifactKey: Guid(e4fe3661cac639646bbe5504811ccb25) Importer(815301076,1909f56bfc062723c751e8b465ee728b)
Start importing Assets/Scenes/Nivel 2.unity using Guid(e4fe3661cac639646bbe5504811ccb25) Importer(815301076,1909f56bfc062723c751e8b465ee728b)  -> (artifact id: '2786f3e7b92ef9c1a397925078262fe6') in 0.008056 seconds
  Import took 0.014099 seconds .

========================================================================
Received Prepare
Registering precompiled user dll's ...
Registered in 0.001396 seconds.
Begin MonoManager ReloadAssembly
Native extension for WindowsStandalone target not found
Native extension for WebGL target not found
Refreshing native plugins compatible for Editor in 0.76 ms, found 1 plugins.
Preloading 0 native plugins for Editor in 0.00 ms.
Invoked RoslynAnalysisRunner static constructor.
RoslynAnalysisRunner will not be running.
RoslynAnalysisRunner has terminated.
Mono: successfully reloaded assembly
- Completed reload, in  1.665 seconds
Platform modules already initialized, skipping
Refreshing native plugins compatible for Editor in 0.71 ms, found 1 plugins.
Preloading 0 native plugins for Editor in 0.00 ms.
Unloading 1813 Unused Serialized files (Serialized files now loaded: 0)
System memory in use before: 85.4 MB.
System memory in use after: 85.4 MB.

Unloading 12 unused Assets to reduce memory usage. Loaded Objects now: 2300.
Total: 2.635000 ms (FindLiveObjects: 0.198500 ms CreateObjectMapping: 0.073500 ms MarkObjects: 2.199000 ms  DeleteObjects: 0.162100 ms)

========================================================================
Received Prepare
Registering precompiled user dll's ...
Registered in 0.001557 seconds.
Begin MonoManager ReloadAssembly
Native extension for WindowsStandalone target not found
Native extension for WebGL target not found
Refreshing native plugins compatible for Editor in 0.52 ms, found 1 plugins.
Preloading 0 native plugins for Editor in 0.00 ms.
Invoked RoslynAnalysisRunner static constructor.
RoslynAnalysisRunner will not be running.
RoslynAnalysisRunner has terminated.
Mono: successfully reloaded assembly
- Completed reload, in  1.420 seconds
Platform modules already initialized, skipping
Refreshing native plugins compatible for Editor in 0.52 ms, found 1 plugins.
Preloading 0 native plugins for Editor in 0.00 ms.
Unloading 1813 Unused Serialized files (Serialized files now loaded: 0)
System memory in use before: 85.4 MB.
System memory in use after: 85.4 MB.

Unloading 12 unused Assets to reduce memory usage. Loaded Objects now: 2304.
Total: 2.511300 ms (FindLiveObjects: 0.192600 ms CreateObjectMapping: 0.072500 ms MarkObjects: 2.093400 ms  DeleteObjects: 0.151000 ms)

========================================================================
Received Import Request.
  Time since last request: 53.375906 seconds.
  path: Assets/Scenes/Main Scene.unity
  artifactKey: Guid(2cda990e2423bbf4892e6590ba056729) Importer(815301076,1909f56bfc062723c751e8b465ee728b)
Start importing Assets/Scenes/Main Scene.unity using Guid(2cda990e2423bbf4892e6590ba056729) Importer(815301076,1909f56bfc062723c751e8b465ee728b)  -> (artifact id: '5ee780a3caedf36c3c121865c4eccbe2') in 0.046417 seconds
  Import took 0.051952 seconds .

========================================================================
Received Prepare
Registering precompiled user dll's ...
Registered in 0.001668 seconds.
Begin MonoManager ReloadAssembly
Native extension for WindowsStandalone target not found
Native extension for WebGL target not found
Refreshing native plugins compatible for Editor in 0.59 ms, found 1 plugins.
Preloading 0 native plugins for Editor in 0.00 ms.
Invoked RoslynAnalysisRunner static constructor.
RoslynAnalysisRunner will not be running.
RoslynAnalysisRunner has terminated.
Mono: successfully reloaded assembly
- Completed reload, in  1.407 seconds
Platform modules already initialized, skipping
Refreshing native plugins compatible for Editor in 0.57 ms, found 1 plugins.
Preloading 0 native plugins for Editor in 0.00 ms.
Unloading 1813 Unused Serialized files (Serialized files now loaded: 0)
System memory in use before: 85.4 MB.
System memory in use after: 85.4 MB.

Unloading 12 unused Assets to reduce memory usage. Loaded Objects now: 2308.
Total: 3.118000 ms (FindLiveObjects: 0.204100 ms CreateObjectMapping: 0.080900 ms MarkObjects: 2.672600 ms  DeleteObjects: 0.158300 ms)

========================================================================
Received Prepare
Registering precompiled user dll's ...
Registered in 0.001497 seconds.
Begin MonoManager ReloadAssembly
Native extension for WindowsStandalone target not found
Native extension for WebGL target not found
Refreshing native plugins compatible for Editor in 0.71 ms, found 1 plugins.
Preloading 0 native plugins for Editor in 0.00 ms.
Invoked RoslynAnalysisRunner static constructor.
RoslynAnalysisRunner will not be running.
RoslynAnalysisRunner has terminated.
Mono: successfully reloaded assembly
- Completed reload, in  1.821 seconds
Platform modules already initialized, skipping
Refreshing native plugins compatible for Editor in 4.63 ms, found 1 plugins.
Preloading 0 native plugins for Editor in 0.00 ms.
Unloading 1813 Unused Serialized files (Serialized files now loaded: 0)
System memory in use before: 85.4 MB.
System memory in use after: 85.4 MB.

Unloading 12 unused Assets to reduce memory usage. Loaded Objects now: 2312.
Total: 4.228900 ms (FindLiveObjects: 0.218800 ms CreateObjectMapping: 0.074000 ms MarkObjects: 3.720300 ms  DeleteObjects: 0.213400 ms)

========================================================================
Received Prepare
Registering precompiled user dll's ...
Registered in 0.001999 seconds.
Begin MonoManager ReloadAssembly
Native extension for WindowsStandalone target not found
Native extension for WebGL target not found
Refreshing native plugins compatible for Editor in 0.56 ms, found 1 plugins.
Preloading 0 native plugins for Editor in 0.00 ms.
Invoked RoslynAnalysisRunner static constructor.
RoslynAnalysisRunner will not be running.
RoslynAnalysisRunner has terminated.
Mono: successfully reloaded assembly
- Completed reload, in  1.274 seconds
Platform modules already initialized, skipping
Refreshing native plugins compatible for Editor in 0.59 ms, found 1 plugins.
Preloading 0 native plugins for Editor in 0.00 ms.
Unloading 1813 Unused Serialized files (Serialized files now loaded: 0)
System memory in use before: 85.4 MB.
System memory in use after: 85.4 MB.

Unloading 12 unused Assets to reduce memory usage. Loaded Objects now: 2316.
Total: 2.572600 ms (FindLiveObjects: 0.290900 ms CreateObjectMapping: 0.081300 ms MarkObjects: 2.047600 ms  DeleteObjects: 0.150800 ms)

========================================================================
Received Prepare
Registering precompiled user dll's ...
Registered in 0.002423 seconds.
Begin MonoManager ReloadAssembly
Native extension for WindowsStandalone target not found
Native extension for WebGL target not found
Refreshing native plugins compatible for Editor in 0.57 ms, found 1 plugins.
Preloading 0 native plugins for Editor in 0.00 ms.
Invoked RoslynAnalysisRunner static constructor.
RoslynAnalysisRunner will not be running.
RoslynAnalysisRunner has terminated.
Mono: successfully reloaded assembly
- Completed reload, in  1.587 seconds
Platform modules already initialized, skipping
Refreshing native plugins compatible for Editor in 0.66 ms, found 1 plugins.
Preloading 0 native plugins for Editor in 0.00 ms.
Unloading 1813 Unused Serialized files (Serialized files now loaded: 0)
System memory in use before: 85.4 MB.
System memory in use after: 85.4 MB.

Unloading 12 unused Assets to reduce memory usage. Loaded Objects now: 2320.
Total: 2.647900 ms (FindLiveObjects: 0.196000 ms CreateObjectMapping: 0.072200 ms MarkObjects: 2.225000 ms  DeleteObjects: 0.153400 ms)

========================================================================
Received Prepare
Registering precompiled user dll's ...
Registered in 0.001409 seconds.
Begin MonoManager ReloadAssembly
Native extension for WindowsStandalone target not found
Native extension for WebGL target not found
Refreshing native plugins compatible for Editor in 0.52 ms, found 1 plugins.
Preloading 0 native plugins for Editor in 0.00 ms.
Invoked RoslynAnalysisRunner static constructor.
RoslynAnalysisRunner will not be running.
RoslynAnalysisRunner has terminated.
Mono: successfully reloaded assembly
- Completed reload, in  1.405 seconds
Platform modules already initialized, skipping
Refreshing native plugins compatible for Editor in 0.62 ms, found 1 plugins.
Preloading 0 native plugins for Editor in 0.00 ms.
Unloading 1813 Unused Serialized files (Serialized files now loaded: 0)
System memory in use before: 85.4 MB.
System memory in use after: 85.4 MB.

Unloading 12 unused Assets to reduce memory usage. Loaded Objects now: 2324.
Total: 2.725300 ms (FindLiveObjects: 0.205700 ms CreateObjectMapping: 0.074000 ms MarkObjects: 2.148700 ms  DeleteObjects: 0.295200 ms)

========================================================================
Received Prepare
Registering precompiled user dll's ...
Registered in 0.001371 seconds.
Begin MonoManager ReloadAssembly
Native extension for WindowsStandalone target not found
Native extension for WebGL target not found
Refreshing native plugins compatible for Editor in 0.56 ms, found 1 plugins.
Preloading 0 native plugins for Editor in 0.00 ms.
Invoked RoslynAnalysisRunner static constructor.
RoslynAnalysisRunner will not be running.
RoslynAnalysisRunner has terminated.
Mono: successfully reloaded assembly
- Completed reload, in  1.633 seconds
Platform modules already initialized, skipping
Refreshing native plugins compatible for Editor in 0.52 ms, found 1 plugins.
Preloading 0 native plugins for Editor in 0.00 ms.
Unloading 1813 Unused Serialized files (Serialized files now loaded: 0)
System memory in use before: 85.4 MB.
System memory in use after: 85.4 MB.

Unloading 12 unused Assets to reduce memory usage. Loaded Objects now: 2328.
Total: 3.399900 ms (FindLiveObjects: 0.197000 ms CreateObjectMapping: 0.078700 ms MarkObjects: 2.969500 ms  DeleteObjects: 0.152700 ms)

========================================================================
Received Import Request.
  Time since last request: 1062.139563 seconds.
  path: Assets/Scripts/Final.cs
  artifactKey: Guid(f330ceaccb9d2ef47bb885ddd5a97c9a) Importer(815301076,1909f56bfc062723c751e8b465ee728b)
Start importing Assets/Scripts/Final.cs using Guid(f330ceaccb9d2ef47bb885ddd5a97c9a) Importer(815301076,1909f56bfc062723c751e8b465ee728b)  -> (artifact id: 'f5adcda5ece6e91bb808a7d51cb2d68f') in 0.028103 seconds
  Import took 0.041411 seconds .

========================================================================
Received Import Request.
  Time since last request: 0.038728 seconds.
  path: Assets/Scripts/Final.cs
  artifactKey: Guid(f330ceaccb9d2ef47bb885ddd5a97c9a) Importer(815301076,1909f56bfc062723c751e8b465ee728b)
Start importing Assets/Scripts/Final.cs using Guid(f330ceaccb9d2ef47bb885ddd5a97c9a) Importer(815301076,1909f56bfc062723c751e8b465ee728b)  -> (artifact id: 'f5adcda5ece6e91bb808a7d51cb2d68f') in 0.040183 seconds
  Import took 0.052729 seconds .

========================================================================
Received Prepare
Registering precompiled user dll's ...
Registered in 0.002679 seconds.
Begin MonoManager ReloadAssembly
Native extension for WindowsStandalone target not found
Native extension for WebGL target not found
Refreshing native plugins compatible for Editor in 1.02 ms, found 1 plugins.
Preloading 0 native plugins for Editor in 0.00 ms.
Invoked RoslynAnalysisRunner static constructor.
RoslynAnalysisRunner will not be running.
RoslynAnalysisRunner has terminated.
Mono: successfully reloaded assembly
- Completed reload, in  3.673 seconds
Platform modules already initialized, skipping
Refreshing native plugins compatible for Editor in 0.51 ms, found 1 plugins.
Preloading 0 native plugins for Editor in 0.00 ms.
Unloading 1814 Unused Serialized files (Serialized files now loaded: 0)
System memory in use before: 85.5 MB.
System memory in use after: 85.4 MB.

Unloading 12 unused Assets to reduce memory usage. Loaded Objects now: 2333.
Total: 2.648500 ms (FindLiveObjects: 0.201000 ms CreateObjectMapping: 0.072700 ms MarkObjects: 2.216500 ms  DeleteObjects: 0.156400 ms)

========================================================================
Received Import Request.
  Time since last request: 8.367502 seconds.
  path: Assets/Scripts/Enemigo.cs
  artifactKey: Guid(27361d4907bc3d048b3da6d3a6714bac) Importer(815301076,1909f56bfc062723c751e8b465ee728b)
Start importing Assets/Scripts/Enemigo.cs using Guid(27361d4907bc3d048b3da6d3a6714bac) Importer(815301076,1909f56bfc062723c751e8b465ee728b)  -> (artifact id: '6e8a6fa4028af33c9d570cc29a3f825b') in 0.012812 seconds
  Import took 0.016715 seconds .

========================================================================
Received Prepare
Registering precompiled user dll's ...
Registered in 0.002040 seconds.
Begin MonoManager ReloadAssembly
Native extension for WindowsStandalone target not found
Native extension for WebGL target not found
Refreshing native plugins compatible for Editor in 0.53 ms, found 1 plugins.
Preloading 0 native plugins for Editor in 0.00 ms.
Invoked RoslynAnalysisRunner static constructor.
RoslynAnalysisRunner will not be running.
RoslynAnalysisRunner has terminated.
Mono: successfully reloaded assembly
- Completed reload, in  1.439 seconds
Platform modules already initialized, skipping
Refreshing native plugins compatible for Editor in 0.53 ms, found 1 plugins.
Preloading 0 native plugins for Editor in 0.00 ms.
Unloading 1814 Unused Serialized files (Serialized files now loaded: 0)
System memory in use before: 85.5 MB.
System memory in use after: 85.5 MB.

Unloading 12 unused Assets to reduce memory usage. Loaded Objects now: 2337.
Total: 3.054900 ms (FindLiveObjects: 0.229000 ms CreateObjectMapping: 0.073800 ms MarkObjects: 2.596800 ms  DeleteObjects: 0.153400 ms)

========================================================================
Received Import Request.
  Time since last request: 66.182094 seconds.
  path: Assets/Scripts/Final.cs
  artifactKey: Guid(f330ceaccb9d2ef47bb885ddd5a97c9a) Importer(815301076,1909f56bfc062723c751e8b465ee728b)
Start importing Assets/Scripts/Final.cs using Guid(f330ceaccb9d2ef47bb885ddd5a97c9a) Importer(815301076,1909f56bfc062723c751e8b465ee728b)  -> (artifact id: '79ee4bc601df7568595669d3d4cc15e2') in 0.007041 seconds
  Import took 0.010800 seconds .

========================================================================
Received Prepare
Registering precompiled user dll's ...
Registered in 0.001431 seconds.
Begin MonoManager ReloadAssembly
Native extension for WindowsStandalone target not found
Native extension for WebGL target not found
Refreshing native plugins compatible for Editor in 0.56 ms, found 1 plugins.
Preloading 0 native plugins for Editor in 0.00 ms.
Invoked RoslynAnalysisRunner static constructor.
RoslynAnalysisRunner will not be running.
RoslynAnalysisRunner has terminated.
Mono: successfully reloaded assembly
- Completed reload, in  1.408 seconds
Platform modules already initialized, skipping
Refreshing native plugins compatible for Editor in 0.53 ms, found 1 plugins.
Preloading 0 native plugins for Editor in 0.00 ms.
Unloading 1814 Unused Serialized files (Serialized files now loaded: 0)
System memory in use before: 85.5 MB.
System memory in use after: 85.5 MB.

Unloading 12 unused Assets to reduce memory usage. Loaded Objects now: 2341.
Total: 3.009800 ms (FindLiveObjects: 0.327000 ms CreateObjectMapping: 0.091400 ms MarkObjects: 2.424400 ms  DeleteObjects: 0.165000 ms)

========================================================================
Received Import Request.
  Time since last request: 45.505974 seconds.
  path: Assets/Scripts/Final.cs
  artifactKey: Guid(f330ceaccb9d2ef47bb885ddd5a97c9a) Importer(815301076,1909f56bfc062723c751e8b465ee728b)
Start importing Assets/Scripts/Final.cs using Guid(f330ceaccb9d2ef47bb885ddd5a97c9a) Importer(815301076,1909f56bfc062723c751e8b465ee728b)  -> (artifact id: '295fb1b1517ea712728fff5e0f6bd723') in 0.006875 seconds
  Import took 0.011884 seconds .

========================================================================
Received Prepare
Registering precompiled user dll's ...
Registered in 0.003735 seconds.
Begin MonoManager ReloadAssembly
Native extension for WindowsStandalone target not found
Native extension for WebGL target not found
Refreshing native plugins compatible for Editor in 6.82 ms, found 1 plugins.
Preloading 0 native plugins for Editor in 0.00 ms.
Invoked RoslynAnalysisRunner static constructor.
RoslynAnalysisRunner will not be running.
RoslynAnalysisRunner has terminated.
Mono: successfully reloaded assembly
- Completed reload, in  2.918 seconds
Platform modules already initialized, skipping
Refreshing native plugins compatible for Editor in 1.07 ms, found 1 plugins.
Preloading 0 native plugins for Editor in 0.00 ms.
Unloading 1814 Unused Serialized files (Serialized files now loaded: 0)
System memory in use before: 85.5 MB.
System memory in use after: 85.5 MB.

Unloading 12 unused Assets to reduce memory usage. Loaded Objects now: 2345.
Total: 6.181100 ms (FindLiveObjects: 0.527200 ms CreateObjectMapping: 0.156700 ms MarkObjects: 3.967200 ms  DeleteObjects: 1.526500 ms)

AssetImportWorkerClient::OnTransportError - code=2 error=End of file
